<?xml version="1.0" encoding="utf-8"?><testsuites name="pytest tests"><testsuite name="pytest" errors="0" failures="2" skipped="0" tests="6" time="3.645" timestamp="2025-07-14T04:25:45.477410+00:00" hostname="9803e2eba477"><testcase classname="tests.test_app.FlaskTests" name="test_add_color" time="2.173"><failure message="AssertionError: b'. I vote we stick with this color!' not found in b'&lt;!DOCTYPE html&gt;\n&lt;head&gt;\n    &lt;meta charset=&quot;UTF-8&quot;&gt;\n    &lt;title&gt;Choose your color!&lt;/title&gt;\n&lt;/head&gt;\n&lt;body style=&quot;background-color: Crimson;&quot;&gt;\n    &lt;div style=&quot;margin-top: 45px;&quot;&gt;\n        &lt;center&gt;&lt;h1&gt;An app that trusts you\'ll pick the right color...&lt;/h1&gt;\n        &lt;/center&gt;\n        &lt;form method=&quot;POST&quot; action=&quot;/add&quot;&gt;\n        &lt;label for=&quot;color_selection&quot;&gt;Choose an option:&lt;/label&gt;\n        &lt;select name=&quot;note&quot; id=&quot;color_selection&quot;&gt;\n            \n                &lt;option value=&quot;Crimson&quot; selected&gt;\n                    Crimson\n                &lt;/option&gt;\n            \n                &lt;option value=&quot;LightBlue&quot; &gt;\n                    LightBlue\n                &lt;/option&gt;\n            \n                &lt;option value=&quot;Plum&quot; &gt;\n                    Plum\n                &lt;/option&gt;\n            \n                &lt;option value=&quot;LightSeaGreen&quot; &gt;\n                    LightSeaGreen\n                &lt;/option&gt;\n            \n                &lt;option value=&quot;Ivory&quot; &gt;\n                    Ivory\n                &lt;/option&gt;\n            \n        &lt;/select&gt;\n        &lt;br&gt;&lt;br&gt;\n        &lt;input type=&quot;submit&quot; value=&quot;Submit&quot;&gt;\n    &lt;/form&gt;\n        &lt;hr&gt;\n\n        &lt;h3&gt;Color History:&lt;/h3&gt;\n        \n        &lt;div&gt;\n            &lt;p&gt;   \xe2\x80\xa2 Crimson: You&amp;#39;ve chosen the best color.&lt;/p&gt;\n\n            &lt;form action=&quot;/delete/1&quot; method=&quot;POST&quot;&gt;\n                &lt;button type=&quot;submit&quot;&gt;Delete from color history&lt;/button&gt;\n            &lt;/form&gt;\n        &lt;/div&gt;\n        \n        &lt;br&gt;&lt;br&gt;\n        &lt;hr&gt;\n        &lt;h3&gt;We all make mistakes sometimes. Let\'s erase the past.&lt;/h3&gt;\n        &lt;form action=&quot;/reset&quot; method=&quot;POST&quot;&gt;\n                &lt;button type=&quot;submit&quot;&gt;Reset Color History!&lt;/button&gt;\n        &lt;/form&gt;\n    &lt;/div&gt;\n&lt;/body&gt;\n&lt;/html&gt;'">self = &lt;test_app.FlaskTests testMethod=test_add_color&gt;

    def test_add_color(self):
        """Test adding a color"""
        response = self.app.post("/add", data={"note": "Crimson"})
        self.assertEqual(response.status_code, 302)  # redirects
    
        response = self.app.get("/")
        self.assertIn(b"Crimson:", response.data)
        self.assertIn(b"chosen the best color", response.data)
&gt;       self.assertIn(b". I vote we stick with this color!", response.data)
E       AssertionError: b'. I vote we stick with this color!' not found in b'&lt;!DOCTYPE html&gt;\n&lt;head&gt;\n    &lt;meta charset="UTF-8"&gt;\n    &lt;title&gt;Choose your color!&lt;/title&gt;\n&lt;/head&gt;\n&lt;body style="background-color: Crimson;"&gt;\n    &lt;div style="margin-top: 45px;"&gt;\n        &lt;center&gt;&lt;h1&gt;An app that trusts you\'ll pick the right color...&lt;/h1&gt;\n        &lt;/center&gt;\n        &lt;form method="POST" action="/add"&gt;\n        &lt;label for="color_selection"&gt;Choose an option:&lt;/label&gt;\n        &lt;select name="note" id="color_selection"&gt;\n            \n                &lt;option value="Crimson" selected&gt;\n                    Crimson\n                &lt;/option&gt;\n            \n                &lt;option value="LightBlue" &gt;\n                    LightBlue\n                &lt;/option&gt;\n            \n                &lt;option value="Plum" &gt;\n                    Plum\n                &lt;/option&gt;\n            \n                &lt;option value="LightSeaGreen" &gt;\n                    LightSeaGreen\n                &lt;/option&gt;\n            \n                &lt;option value="Ivory" &gt;\n                    Ivory\n                &lt;/option&gt;\n            \n        &lt;/select&gt;\n        &lt;br&gt;&lt;br&gt;\n        &lt;input type="submit" value="Submit"&gt;\n    &lt;/form&gt;\n        &lt;hr&gt;\n\n        &lt;h3&gt;Color History:&lt;/h3&gt;\n        \n        &lt;div&gt;\n            &lt;p&gt;   \xe2\x80\xa2 Crimson: You&amp;#39;ve chosen the best color.&lt;/p&gt;\n\n            &lt;form action="/delete/1" method="POST"&gt;\n                &lt;button type="submit"&gt;Delete from color history&lt;/button&gt;\n            &lt;/form&gt;\n        &lt;/div&gt;\n        \n        &lt;br&gt;&lt;br&gt;\n        &lt;hr&gt;\n        &lt;h3&gt;We all make mistakes sometimes. Let\'s erase the past.&lt;/h3&gt;\n        &lt;form action="/reset" method="POST"&gt;\n                &lt;button type="submit"&gt;Reset Color History!&lt;/button&gt;\n        &lt;/form&gt;\n    &lt;/div&gt;\n&lt;/body&gt;\n&lt;/html&gt;'

tests/test_app.py:59: AssertionError</failure></testcase><testcase classname="tests.test_app.FlaskTests" name="test_color_not_red_logic" time="0.069" /><testcase classname="tests.test_app.FlaskTests" name="test_delete_color" time="0.058" /><testcase classname="tests.test_app.FlaskTests" name="test_home_page_data" time="0.022" /><testcase classname="tests.test_app.FlaskTests" name="test_multiple_color_changes" time="0.035"><failure message="AssertionError: b'. I vote we stick with this color!' not found in b'&lt;!DOCTYPE html&gt;\n&lt;head&gt;\n    &lt;meta charset=&quot;UTF-8&quot;&gt;\n    &lt;title&gt;Choose your color!&lt;/title&gt;\n&lt;/head&gt;\n&lt;body style=&quot;background-color: Crimson;&quot;&gt;\n    &lt;div style=&quot;margin-top: 45px;&quot;&gt;\n        &lt;center&gt;&lt;h1&gt;An app that trusts you\'ll pick the right color...&lt;/h1&gt;\n        &lt;/center&gt;\n        &lt;form method=&quot;POST&quot; action=&quot;/add&quot;&gt;\n        &lt;label for=&quot;color_selection&quot;&gt;Choose an option:&lt;/label&gt;\n        &lt;select name=&quot;note&quot; id=&quot;color_selection&quot;&gt;\n            \n                &lt;option value=&quot;Crimson&quot; selected&gt;\n                    Crimson\n                &lt;/option&gt;\n            \n                &lt;option value=&quot;LightBlue&quot; &gt;\n                    LightBlue\n                &lt;/option&gt;\n            \n                &lt;option value=&quot;Plum&quot; &gt;\n                    Plum\n                &lt;/option&gt;\n            \n                &lt;option value=&quot;LightSeaGreen&quot; &gt;\n                    LightSeaGreen\n                &lt;/option&gt;\n            \n                &lt;option value=&quot;Ivory&quot; &gt;\n                    Ivory\n                &lt;/option&gt;\n            \n        &lt;/select&gt;\n        &lt;br&gt;&lt;br&gt;\n        &lt;input type=&quot;submit&quot; value=&quot;Submit&quot;&gt;\n    &lt;/form&gt;\n        &lt;hr&gt;\n\n        &lt;h3&gt;Color History:&lt;/h3&gt;\n        \n        &lt;div&gt;\n            &lt;p&gt;   \xe2\x80\xa2 Plum: Hmm, you chose an ugly color\xe2\x80\xa6 Try a different one for my sake.&lt;/p&gt;\n\n            &lt;form action=&quot;/delete/1&quot; method=&quot;POST&quot;&gt;\n                &lt;button type=&quot;submit&quot;&gt;Delete from color history&lt;/button&gt;\n            &lt;/form&gt;\n        &lt;/div&gt;\n        \n        &lt;div&gt;\n            &lt;p&gt;   \xe2\x80\xa2 Ivory: Better than the last one, but try a different color.&lt;/p&gt;\n\n            &lt;form action=&quot;/delete/2&quot; method=&quot;POST&quot;&gt;\n                &lt;button type=&quot;submit&quot;&gt;Delete from color history&lt;/button&gt;\n            &lt;/form&gt;\n        &lt;/div&gt;\n        \n        &lt;div&gt;\n            &lt;p&gt;   \xe2\x80\xa2 Crimson: You&amp;#39;ve chosen the best color.&lt;/p&gt;\n\n            &lt;form action=&quot;/delete/3&quot; method=&quot;POST&quot;&gt;\n                &lt;button type=&quot;submit&quot;&gt;Delete from color history&lt;/button&gt;\n            &lt;/form&gt;\n        &lt;/div&gt;\n        \n        &lt;br&gt;&lt;br&gt;\n        &lt;hr&gt;\n        &lt;h3&gt;We all make mistakes sometimes. Let\'s erase the past.&lt;/h3&gt;\n        &lt;form action=&quot;/reset&quot; method=&quot;POST&quot;&gt;\n                &lt;button type=&quot;submit&quot;&gt;Reset Color History!&lt;/button&gt;\n        &lt;/form&gt;\n    &lt;/div&gt;\n&lt;/body&gt;\n&lt;/html&gt;'">self = &lt;test_app.FlaskTests testMethod=test_multiple_color_changes&gt;

    def test_multiple_color_changes(self):
        """Test adding multiple colors"""
        chosen_colors = ["Plum", "Ivory", "Crimson"]
    
        for color in chosen_colors:
            self.app.post("/add", data={"note": color})
    
        response = self.app.get("/")
        self.assertEqual(response.status_code, 200)
    
        for color in chosen_colors:
            self.assertIn(color.encode(), response.data)
        self.assertIn(b'style="background-color: Crimson;"', response.data)
&gt;       self.assertIn(b". I vote we stick with this color!", response.data)
E       AssertionError: b'. I vote we stick with this color!' not found in b'&lt;!DOCTYPE html&gt;\n&lt;head&gt;\n    &lt;meta charset="UTF-8"&gt;\n    &lt;title&gt;Choose your color!&lt;/title&gt;\n&lt;/head&gt;\n&lt;body style="background-color: Crimson;"&gt;\n    &lt;div style="margin-top: 45px;"&gt;\n        &lt;center&gt;&lt;h1&gt;An app that trusts you\'ll pick the right color...&lt;/h1&gt;\n        &lt;/center&gt;\n        &lt;form method="POST" action="/add"&gt;\n        &lt;label for="color_selection"&gt;Choose an option:&lt;/label&gt;\n        &lt;select name="note" id="color_selection"&gt;\n            \n                &lt;option value="Crimson" selected&gt;\n                    Crimson\n                &lt;/option&gt;\n            \n                &lt;option value="LightBlue" &gt;\n                    LightBlue\n                &lt;/option&gt;\n            \n                &lt;option value="Plum" &gt;\n                    Plum\n                &lt;/option&gt;\n            \n                &lt;option value="LightSeaGreen" &gt;\n                    LightSeaGreen\n                &lt;/option&gt;\n            \n                &lt;option value="Ivory" &gt;\n                    Ivory\n                &lt;/option&gt;\n            \n        &lt;/select&gt;\n        &lt;br&gt;&lt;br&gt;\n        &lt;input type="submit" value="Submit"&gt;\n    &lt;/form&gt;\n        &lt;hr&gt;\n\n        &lt;h3&gt;Color History:&lt;/h3&gt;\n        \n        &lt;div&gt;\n            &lt;p&gt;   \xe2\x80\xa2 Plum: Hmm, you chose an ugly color\xe2\x80\xa6 Try a different one for my sake.&lt;/p&gt;\n\n            &lt;form action="/delete/1" method="POST"&gt;\n                &lt;button type="submit"&gt;Delete from color history&lt;/button&gt;\n            &lt;/form&gt;\n        &lt;/div&gt;\n        \n        &lt;div&gt;\n            &lt;p&gt;   \xe2\x80\xa2 Ivory: Better than the last one, but try a different color.&lt;/p&gt;\n\n            &lt;form action="/delete/2" method="POST"&gt;\n                &lt;button type="submit"&gt;Delete from color history&lt;/button&gt;\n            &lt;/form&gt;\n        &lt;/div&gt;\n        \n        &lt;div&gt;\n            &lt;p&gt;   \xe2\x80\xa2 Crimson: You&amp;#39;ve chosen the best color.&lt;/p&gt;\n\n            &lt;form action="/delete/3" method="POST"&gt;\n                &lt;button type="submit"&gt;Delete from color history&lt;/button&gt;\n            &lt;/form&gt;\n        &lt;/div&gt;\n        \n        &lt;br&gt;&lt;br&gt;\n        &lt;hr&gt;\n        &lt;h3&gt;We all make mistakes sometimes. Let\'s erase the past.&lt;/h3&gt;\n        &lt;form action="/reset" method="POST"&gt;\n                &lt;button type="submit"&gt;Reset Color History!&lt;/button&gt;\n        &lt;/form&gt;\n    &lt;/div&gt;\n&lt;/body&gt;\n&lt;/html&gt;'

tests/test_app.py:104: AssertionError</failure></testcase><testcase classname="tests.test_app.FlaskTests" name="test_reset_color_history" time="0.044" /></testsuite></testsuites>